{"C:\\Users\\81258527\\Documents\\repos\\todo_list_with_localstorage\\src\\index.js": {"path":"C:\\Users\\81258527\\Documents\\repos\\todo_list_with_localstorage\\src\\index.js","statementMap":{"0":{"start":{"line":7,"column":20},"end":{"line":7,"column":51}},"1":{"start":{"line":8,"column":0},"end":{"line":8,"column":43}}},"fnMap":{},"branchMap":{},"s":{"0":0,"1":0},"f":{},"b":{},"hash":"e28183a6e0f92fce0d7670e2ce2a32c0ef3aeaa2"}
,"C:\\Users\\81258527\\Documents\\repos\\todo_list_with_localstorage\\src\\components\\AddTodo.js": {"path":"C:\\Users\\81258527\\Documents\\repos\\todo_list_with_localstorage\\src\\components\\AddTodo.js","statementMap":{"0":{"start":{"line":4,"column":16},"end":{"line":16,"column":1}},"1":{"start":{"line":5,"column":2},"end":{"line":15,"column":4}}},"fnMap":{"0":{"name":"(anonymous_0)","decl":{"start":{"line":4,"column":16},"end":{"line":4,"column":17}},"loc":{"start":{"line":4,"column":27},"end":{"line":16,"column":1}},"line":4}},"branchMap":{},"s":{"0":1,"1":2},"f":{"0":2},"b":{},"_coverageSchema":"43e27e138ebf9cfc5966b082cf9a028302ed4184","hash":"01ad9aa924a16cd9a2ce6ab6ecd749771833673a"}
,"C:\\Users\\81258527\\Documents\\repos\\todo_list_with_localstorage\\src\\components\\Header.js": {"path":"C:\\Users\\81258527\\Documents\\repos\\todo_list_with_localstorage\\src\\components\\Header.js","statementMap":{"0":{"start":{"line":2,"column":15},"end":{"line":4,"column":1}},"1":{"start":{"line":3,"column":2},"end":{"line":3,"column":33}}},"fnMap":{"0":{"name":"(anonymous_0)","decl":{"start":{"line":2,"column":15},"end":{"line":2,"column":16}},"loc":{"start":{"line":2,"column":21},"end":{"line":4,"column":1}},"line":2}},"branchMap":{},"s":{"0":1,"1":1},"f":{"0":1},"b":{},"_coverageSchema":"43e27e138ebf9cfc5966b082cf9a028302ed4184","hash":"0385d515b17dc790452b0997239e712341b4110a"}
,"C:\\Users\\81258527\\Documents\\repos\\todo_list_with_localstorage\\src\\components\\TodoItem.js": {"path":"C:\\Users\\81258527\\Documents\\repos\\todo_list_with_localstorage\\src\\components\\TodoItem.js","statementMap":{"0":{"start":{"line":3,"column":17},"end":{"line":9,"column":1}},"1":{"start":{"line":4,"column":4},"end":{"line":8,"column":5}}},"fnMap":{"0":{"name":"(anonymous_0)","decl":{"start":{"line":3,"column":17},"end":{"line":3,"column":18}},"loc":{"start":{"line":3,"column":28},"end":{"line":9,"column":1}},"line":3}},"branchMap":{},"s":{"0":2,"1":1},"f":{"0":1},"b":{},"_coverageSchema":"43e27e138ebf9cfc5966b082cf9a028302ed4184","hash":"06404d7a944d8501cadfbbffc4335f3c8464cdc6"}
,"C:\\Users\\81258527\\Documents\\repos\\todo_list_with_localstorage\\src\\components\\TodoList.js": {"path":"C:\\Users\\81258527\\Documents\\repos\\todo_list_with_localstorage\\src\\components\\TodoList.js","statementMap":{"0":{"start":{"line":7,"column":10},"end":{"line":9,"column":3}},"1":{"start":{"line":11,"column":18},"end":{"line":11,"column":47}},"2":{"start":{"line":12,"column":4},"end":{"line":15,"column":5}},"3":{"start":{"line":13,"column":27},"end":{"line":13,"column":44}},"4":{"start":{"line":14,"column":8},"end":{"line":14,"column":45}},"5":{"start":{"line":18,"column":22},"end":{"line":18,"column":32}},"6":{"start":{"line":19,"column":4},"end":{"line":22,"column":5}},"7":{"start":{"line":20,"column":21},"end":{"line":20,"column":42}},"8":{"start":{"line":21,"column":8},"end":{"line":21,"column":44}},"9":{"start":{"line":24,"column":18},"end":{"line":33,"column":3}},"10":{"start":{"line":25,"column":4},"end":{"line":25,"column":27}},"11":{"start":{"line":26,"column":17},"end":{"line":26,"column":47}},"12":{"start":{"line":27,"column":4},"end":{"line":32,"column":5}},"13":{"start":{"line":28,"column":6},"end":{"line":30,"column":10}},"14":{"start":{"line":28,"column":34},"end":{"line":30,"column":7}},"15":{"start":{"line":31,"column":6},"end":{"line":31,"column":35}},"16":{"start":{"line":35,"column":4},"end":{"line":41,"column":6}}},"fnMap":{"0":{"name":"(anonymous_0)","decl":{"start":{"line":10,"column":2},"end":{"line":10,"column":3}},"loc":{"start":{"line":10,"column":22},"end":{"line":16,"column":3}},"line":10},"1":{"name":"(anonymous_1)","decl":{"start":{"line":17,"column":2},"end":{"line":17,"column":3}},"loc":{"start":{"line":17,"column":43},"end":{"line":23,"column":3}},"line":17},"2":{"name":"(anonymous_2)","decl":{"start":{"line":24,"column":18},"end":{"line":24,"column":19}},"loc":{"start":{"line":24,"column":27},"end":{"line":33,"column":3}},"line":24},"3":{"name":"(anonymous_3)","decl":{"start":{"line":28,"column":20},"end":{"line":28,"column":21}},"loc":{"start":{"line":28,"column":34},"end":{"line":30,"column":7}},"line":28},"4":{"name":"(anonymous_4)","decl":{"start":{"line":34,"column":2},"end":{"line":34,"column":3}},"loc":{"start":{"line":34,"column":11},"end":{"line":42,"column":3}},"line":34}},"branchMap":{"0":{"loc":{"start":{"line":12,"column":4},"end":{"line":15,"column":5}},"type":"if","locations":[{"start":{"line":12,"column":4},"end":{"line":15,"column":5}},{"start":{"line":12,"column":4},"end":{"line":15,"column":5}}],"line":12},"1":{"loc":{"start":{"line":19,"column":4},"end":{"line":22,"column":5}},"type":"if","locations":[{"start":{"line":19,"column":4},"end":{"line":22,"column":5}},{"start":{"line":19,"column":4},"end":{"line":22,"column":5}}],"line":19},"2":{"loc":{"start":{"line":27,"column":4},"end":{"line":32,"column":5}},"type":"if","locations":[{"start":{"line":27,"column":4},"end":{"line":32,"column":5}},{"start":{"line":27,"column":4},"end":{"line":32,"column":5}}],"line":27}},"s":{"0":0,"1":0,"2":0,"3":0,"4":0,"5":0,"6":0,"7":0,"8":0,"9":0,"10":0,"11":0,"12":0,"13":0,"14":0,"15":0,"16":0},"f":{"0":0,"1":0,"2":0,"3":0,"4":0},"b":{"0":[0,0],"1":[0,0],"2":[0,0]},"hash":"45ccf7dbe2ba538aa5556e413c014bcb549a6913"}
,"C:\\Users\\81258527\\Documents\\repos\\todo_list_with_localstorage\\src\\components\\TodoLists.js": {"path":"C:\\Users\\81258527\\Documents\\repos\\todo_list_with_localstorage\\src\\components\\TodoLists.js","statementMap":{"0":{"start":{"line":4,"column":18},"end":{"line":11,"column":1}},"1":{"start":{"line":5,"column":4},"end":{"line":10,"column":6}},"2":{"start":{"line":8,"column":48},"end":{"line":8,"column":93}}},"fnMap":{"0":{"name":"(anonymous_0)","decl":{"start":{"line":4,"column":18},"end":{"line":4,"column":19}},"loc":{"start":{"line":4,"column":29},"end":{"line":11,"column":1}},"line":4},"1":{"name":"(anonymous_1)","decl":{"start":{"line":8,"column":31},"end":{"line":8,"column":32}},"loc":{"start":{"line":8,"column":48},"end":{"line":8,"column":93}},"line":8}},"branchMap":{"0":{"loc":{"start":{"line":7,"column":13},"end":{"line":7,"column":80}},"type":"binary-expr","locations":[{"start":{"line":7,"column":13},"end":{"line":7,"column":37}},{"start":{"line":7,"column":41},"end":{"line":7,"column":80}}],"line":7}},"s":{"0":1,"1":2,"2":2},"f":{"0":2,"1":2},"b":{"0":[2,1]},"_coverageSchema":"43e27e138ebf9cfc5966b082cf9a028302ed4184","hash":"fdc4262075c5479cab2744fc9459090d5cc2a5bc"}
}
